Determining if the pthread_create exist failed with the following output:
Change Dir: /home/ivan/Desktop/projects/ccvpn/ccvpn/b/CMakeFiles/CMakeTmp

Run Build Command:"/usr/bin/make" "cmTC_7b445/fast"
/usr/bin/make -f CMakeFiles/cmTC_7b445.dir/build.make CMakeFiles/cmTC_7b445.dir/build
make[1]: Entering directory `/home/ivan/Desktop/projects/ccvpn/ccvpn/b/CMakeFiles/CMakeTmp'
Building C object CMakeFiles/cmTC_7b445.dir/CheckSymbolExists.c.o
/usr/bin/cc    -Wall    -o CMakeFiles/cmTC_7b445.dir/CheckSymbolExists.c.o   -c /home/ivan/Desktop/projects/ccvpn/ccvpn/b/CMakeFiles/CMakeTmp/CheckSymbolExists.c
Linking C executable cmTC_7b445
/usr/local/bin/cmake -E cmake_link_script CMakeFiles/cmTC_7b445.dir/link.txt --verbose=1
/usr/bin/cc   -Wall     CMakeFiles/cmTC_7b445.dir/CheckSymbolExists.c.o  -o cmTC_7b445 -rdynamic 
CMakeFiles/cmTC_7b445.dir/CheckSymbolExists.c.o: In function `main':
CheckSymbolExists.c:(.text+0x16): undefined reference to `pthread_create'
collect2: error: ld returned 1 exit status
make[1]: *** [cmTC_7b445] Error 1
make[1]: Leaving directory `/home/ivan/Desktop/projects/ccvpn/ccvpn/b/CMakeFiles/CMakeTmp'
make: *** [cmTC_7b445/fast] Error 2

File /home/ivan/Desktop/projects/ccvpn/ccvpn/b/CMakeFiles/CMakeTmp/CheckSymbolExists.c:
/* */
#include <pthread.h>

int main(int argc, char** argv)
{
  (void)argv;
#ifndef pthread_create
  return ((int*)(&pthread_create))[argc];
#else
  (void)argc;
  return 0;
#endif
}

Determining if the function pthread_create exists in the pthreads failed with the following output:
Change Dir: /home/ivan/Desktop/projects/ccvpn/ccvpn/b/CMakeFiles/CMakeTmp

Run Build Command:"/usr/bin/make" "cmTC_145a2/fast"
/usr/bin/make -f CMakeFiles/cmTC_145a2.dir/build.make CMakeFiles/cmTC_145a2.dir/build
make[1]: Entering directory `/home/ivan/Desktop/projects/ccvpn/ccvpn/b/CMakeFiles/CMakeTmp'
Building C object CMakeFiles/cmTC_145a2.dir/CheckFunctionExists.c.o
/usr/bin/cc    -Wall -DCHECK_FUNCTION_EXISTS=pthread_create   -o CMakeFiles/cmTC_145a2.dir/CheckFunctionExists.c.o   -c /usr/local/share/cmake-3.6/Modules/CheckFunctionExists.c
Linking C executable cmTC_145a2
/usr/local/bin/cmake -E cmake_link_script CMakeFiles/cmTC_145a2.dir/link.txt --verbose=1
/usr/bin/cc   -Wall -DCHECK_FUNCTION_EXISTS=pthread_create    CMakeFiles/cmTC_145a2.dir/CheckFunctionExists.c.o  -o cmTC_145a2 -rdynamic -lpthreads 
/usr/bin/ld: cannot find -lpthreads
collect2: error: ld returned 1 exit status
make[1]: *** [cmTC_145a2] Error 1
make[1]: Leaving directory `/home/ivan/Desktop/projects/ccvpn/ccvpn/b/CMakeFiles/CMakeTmp'
make: *** [cmTC_145a2/fast] Error 2


Determining if the pthread_create exist failed with the following output:
Change Dir: /home/ivan/workspace/krb-ccn/krb-ccn/ccn/b/CMakeFiles/CMakeTmp

Run Build Command:"/usr/bin/make" "cmTC_ea3f7/fast"
/usr/bin/make -f CMakeFiles/cmTC_ea3f7.dir/build.make CMakeFiles/cmTC_ea3f7.dir/build
make[1]: Entering directory `/home/ivan/workspace/krb-ccn/krb-ccn/ccn/b/CMakeFiles/CMakeTmp'
Building C object CMakeFiles/cmTC_ea3f7.dir/CheckSymbolExists.c.o
/usr/bin/cc    -Wall    -o CMakeFiles/cmTC_ea3f7.dir/CheckSymbolExists.c.o   -c /home/ivan/workspace/krb-ccn/krb-ccn/ccn/b/CMakeFiles/CMakeTmp/CheckSymbolExists.c
Linking C executable cmTC_ea3f7
/usr/local/bin/cmake -E cmake_link_script CMakeFiles/cmTC_ea3f7.dir/link.txt --verbose=1
/usr/bin/cc   -Wall     CMakeFiles/cmTC_ea3f7.dir/CheckSymbolExists.c.o  -o cmTC_ea3f7 -rdynamic 
CMakeFiles/cmTC_ea3f7.dir/CheckSymbolExists.c.o: In function `main':
CheckSymbolExists.c:(.text+0x16): undefined reference to `pthread_create'
collect2: error: ld returned 1 exit status
make[1]: *** [cmTC_ea3f7] Error 1
make[1]: Leaving directory `/home/ivan/workspace/krb-ccn/krb-ccn/ccn/b/CMakeFiles/CMakeTmp'
make: *** [cmTC_ea3f7/fast] Error 2

File /home/ivan/workspace/krb-ccn/krb-ccn/ccn/b/CMakeFiles/CMakeTmp/CheckSymbolExists.c:
/* */
#include <pthread.h>

int main(int argc, char** argv)
{
  (void)argv;
#ifndef pthread_create
  return ((int*)(&pthread_create))[argc];
#else
  (void)argc;
  return 0;
#endif
}

Determining if the function pthread_create exists in the pthreads failed with the following output:
Change Dir: /home/ivan/workspace/krb-ccn/krb-ccn/ccn/b/CMakeFiles/CMakeTmp

Run Build Command:"/usr/bin/make" "cmTC_216cc/fast"
/usr/bin/make -f CMakeFiles/cmTC_216cc.dir/build.make CMakeFiles/cmTC_216cc.dir/build
make[1]: Entering directory `/home/ivan/workspace/krb-ccn/krb-ccn/ccn/b/CMakeFiles/CMakeTmp'
Building C object CMakeFiles/cmTC_216cc.dir/CheckFunctionExists.c.o
/usr/bin/cc    -Wall -DCHECK_FUNCTION_EXISTS=pthread_create   -o CMakeFiles/cmTC_216cc.dir/CheckFunctionExists.c.o   -c /usr/local/share/cmake-3.6/Modules/CheckFunctionExists.c
Linking C executable cmTC_216cc
/usr/local/bin/cmake -E cmake_link_script CMakeFiles/cmTC_216cc.dir/link.txt --verbose=1
/usr/bin/cc   -Wall -DCHECK_FUNCTION_EXISTS=pthread_create    CMakeFiles/cmTC_216cc.dir/CheckFunctionExists.c.o  -o cmTC_216cc -rdynamic -lpthreads 
/usr/bin/ld: cannot find -lpthreads
collect2: error: ld returned 1 exit status
make[1]: *** [cmTC_216cc] Error 1
make[1]: Leaving directory `/home/ivan/workspace/krb-ccn/krb-ccn/ccn/b/CMakeFiles/CMakeTmp'
make: *** [cmTC_216cc/fast] Error 2


